#
# A fatal error has been detected by the Java Runtime Environment:
#
#  EXCEPTION_ACCESS_VIOLATION (0xc0000005) at pc=0x57ede21b, pid=8892, tid=9996
#
# JRE version: Java(TM) SE Runtime Environment (7.0_67-b01) (build 1.7.0_67-b01)
# Java VM: Java HotSpot(TM) Client VM (24.65-b04 mixed mode windows-x86 )
# Problematic frame:
# V  [jvm.dll+0xde21b]
#
# Failed to write core dump. Minidumps are not enabled by default on client versions of Windows
#
# If you would like to submit a bug report, please visit:
#   http://bugreport.sun.com/bugreport/crash.jsp
#

---------------  T H R E A D  ---------------

Current thread (0x18451000):  JavaThread "JDWP Transport Listener: dt_socket" daemon [_thread_in_vm, id=9996, stack(0x00b50000,0x00ba0000)]

siginfo: ExceptionCode=0xc0000005, reading address 0x00006563

Registers:
EAX=0x00006563, EBX=0x00000000, ECX=0x00006563, EDX=0x00000000
ESP=0x00b9f814, EBP=0x00b9f818, ESI=0x009184c0, EDI=0x00b9f8f8
EIP=0x57ede21b, EFLAGS=0x00010206

Top of Stack: (sp=0x00b9f814)
0x00b9f814:   009184c0 00b9f840 58010bda 00006563
0x00b9f824:   00b9f87b 18451000 00000000 00000000
0x00b9f834:   00000000 18451000 18451000 00b9f87c
0x00b9f844:   69839d8d 009184c0 00006563 00b9f87b
0x00b9f854:   00006563 6982436d 00006563 00b9f87b
0x00b9f864:   00000005 00000000 00000000 00000008
0x00b9f874:   00000000 00488cac 00b9f89c 698244e0
0x00b9f884:   00000001 00b9f8b8 00b9f8f4 19145100 

Instructions: (pc=0x57ede21b)
0x57ede1fb:   89 4f 04 8b 56 0c 89 57 08 8b 46 10 89 47 0c 5f
0x57ede20b:   5e 5d c2 0c 00 55 8b ec 8b 45 08 56 85 c0 74 28
0x57ede21b:   8b 30 85 f6 74 22 81 fe fe fe fe fe 74 1a 8b 4e
0x57ede22b:   04 8b 41 08 8b 90 90 00 00 00 83 c1 08 ff d2 84 


Register to memory mapping:

EAX=0x00006563 is an unknown value
EBX=0x00000000 is an unknown value
ECX=0x00006563 is an unknown value
EDX=0x00000000 is an unknown value
ESP=0x00b9f814 is pointing into the stack for thread: 0x18451000
EBP=0x00b9f818 is pointing into the stack for thread: 0x18451000
ESI=0x009184c0 is an unknown value
EDI=0x00b9f8f8 is pointing into the stack for thread: 0x18451000


Stack: [0x00b50000,0x00ba0000],  sp=0x00b9f814,  free space=318k
Native frames: (J=compiled Java code, j=interpreted, Vv=VM code, C=native code)
V  [jvm.dll+0xde21b]
V  [jvm.dll+0x210bda]
C  [jdwp.dll+0x19d8d]
C  [jdwp.dll+0x44e0]
C  [jdwp.dll+0x451e]


---------------  P R O C E S S  ---------------

Java Threads: ( => current thread )
  0x1846d800 JavaThread "Service Thread" daemon [_thread_blocked, id=8276, stack(0x18f50000,0x18fa0000)]
  0x18471c00 JavaThread "C1 CompilerThread0" daemon [_thread_blocked, id=9860, stack(0x00920000,0x00970000)]
  0x1845a400 JavaThread "JDWP Command Reader" daemon [_thread_in_native, id=5124, stack(0x18660000,0x186b0000)]
  0x18459000 JavaThread "JDWP Event Helper Thread" daemon [_thread_blocked, id=9924, stack(0x18f00000,0x18f50000)]
=>0x18451000 JavaThread "JDWP Transport Listener: dt_socket" daemon [_thread_in_vm, id=9996, stack(0x00b50000,0x00ba0000)]
  0x18449000 JavaThread "Attach Listener" daemon [_thread_blocked, id=6588, stack(0x18770000,0x187c0000)]
  0x18446000 JavaThread "Signal Dispatcher" daemon [_thread_blocked, id=9948, stack(0x18950000,0x189a0000)]
  0x18419800 JavaThread "Finalizer" daemon [_thread_blocked, id=10000, stack(0x188c0000,0x18910000)]
  0x18414800 JavaThread "Reference Handler" daemon [_thread_blocked, id=7904, stack(0x187c0000,0x18810000)]
  0x0091d800 JavaThread "main" [_thread_blocked, id=2272, stack(0x00aa0000,0x00af0000)]

Other Threads:
  0x18410c00 VMThread [stack: 0x04370000,0x043c0000] [id=9360]
  0x1846c800 WatcherThread [stack: 0x190f0000,0x19140000] [id=5912]

VM state:not at safepoint (normal execution)

VM Mutex/Monitor currently owned by a thread: None

Heap
 def new generation   total 4928K, used 634K [0x04400000, 0x04950000, 0x09950000)
  eden space 4416K,   2% used [0x04400000, 0x0441e858, 0x04850000)
  from space 512K, 100% used [0x04850000, 0x048d0000, 0x048d0000)
  to   space 512K,   0% used [0x048d0000, 0x048d0000, 0x04950000)
 tenured generation   total 10944K, used 4473K [0x09950000, 0x0a400000, 0x14400000)
   the space 10944K,  40% used [0x09950000, 0x09dae6a0, 0x09dae800, 0x0a400000)
 compacting perm gen  total 12288K, used 2882K [0x14400000, 0x15000000, 0x18400000)
   the space 12288K,  23% used [0x14400000, 0x146d0ae0, 0x146d0c00, 0x15000000)
No shared spaces configured.

Card table byte_map: [0x00980000,0x00a30000] byte_map_base: 0x0095e000

Polling page: 0x00130000

Code Cache  [0x02340000, 0x02478000, 0x04340000)
 total_blobs=507 nmethods=362 adapters=90 free_code_cache=31543Kb largest_free_block=32300800

Compilation events (10 events):
Event: 104.598 Thread 0x18471c00  358             java.lang.AbstractStringBuilder::append (191 bytes)
Event: 104.598 Thread 0x18471c00 nmethod 358 0x02470348 code [0x02470470, 0x024706d8]
Event: 104.599 Thread 0x18471c00  359             java.lang.String::valueOf (14 bytes)
Event: 104.599 Thread 0x18471c00 nmethod 359 0x02470988 code [0x02470a90, 0x02470b2c]
Event: 104.599 Thread 0x18471c00  360             java.lang.StringBuilder::append (9 bytes)
Event: 104.599 Thread 0x18471c00 nmethod 360 0x02470b88 code [0x02470ca0, 0x02470d78]
Event: 104.599 Thread 0x18471c00  361             de.umass.lastfm.Track::toString (148 bytes)
Event: 104.600 Thread 0x18471c00 nmethod 361 0x02470e48 code [0x02471090, 0x0247156c]
Event: 106.598 Thread 0x18471c00  362   !         com.intellij.rt.debugger.BatchEvaluatorServer::evaluate (46 bytes)
Event: 106.599 Thread 0x18471c00 nmethod 362 0x02471ac8 code [0x02471be0, 0x02471e9c]

GC Heap History (10 events):
Event: 11.912 GC heap before
{Heap before GC invocations=1537 (full 0):
 def new generation   total 4928K, used 4435K [0x04400000, 0x04950000, 0x09950000)
  eden space 4416K, 100% used [0x04400000, 0x04850000, 0x04850000)
  from space 512K,   3% used [0x048d0000, 0x048d4f68, 0x04950000)
  to   space 512K,   0% used [0x04850000, 0x04850000, 0x048d0000)
 tenured generation   total 10944K, used 3886K [0x09950000, 0x0a400000, 0x14400000)
   the space 10944K,  35% used [0x09950000, 0x09d1b860, 0x09d1ba00, 0x0a400000)
 compacting perm gen  total 12288K, used 2818K [0x14400000, 0x15000000, 0x18400000)
   the space 12288K,  22% used [0x14400000, 0x146c0b98, 0x146c0c00, 0x15000000)
No shared spaces configured.
Event: 11.912 GC heap after
Heap after GC invocations=1538 (full 0):
 def new generation   total 4928K, used 20K [0x04400000, 0x04950000, 0x09950000)
  eden space 4416K,   0% used [0x04400000, 0x04400000, 0x04850000)
  from space 512K,   3% used [0x04850000, 0x048551c0, 0x048d0000)
  to   space 512K,   0% used [0x048d0000, 0x048d0000, 0x04950000)
 tenured generation   total 10944K, used 3887K [0x09950000, 0x0a400000, 0x14400000)
   the space 10944K,  35% used [0x09950000, 0x09d1bd20, 0x09d1be00, 0x0a400000)
 compacting perm gen  total 12288K, used 2818K [0x14400000, 0x15000000, 0x18400000)
   the space 12288K,  22% used [0x14400000, 0x146c0b98, 0x146c0c00, 0x15000000)
No shared spaces configured.
}
Event: 11.917 GC heap before
{Heap before GC invocations=1538 (full 0):
 def new generation   total 4928K, used 4436K [0x04400000, 0x04950000, 0x09950000)
  eden space 4416K, 100% used [0x04400000, 0x04850000, 0x04850000)
  from space 512K,   3% used [0x04850000, 0x048551c0, 0x048d0000)
  to   space 512K,   0% used [0x048d0000, 0x048d0000, 0x04950000)
 tenured generation   total 10944K, used 3887K [0x09950000, 0x0a400000, 0x14400000)
   the space 10944K,  35% used [0x09950000, 0x09d1bd20, 0x09d1be00, 0x0a400000)
 compacting perm gen  total 12288K, used 2818K [0x14400000, 0x15000000, 0x18400000)
   the space 12288K,  22% used [0x14400000, 0x146c0b98, 0x146c0c00, 0x15000000)
No shared spaces configured.
Event: 11.918 GC heap after
Heap after GC invocations=1539 (full 0):
 def new generation   total 4928K, used 21K [0x04400000, 0x04950000, 0x09950000)
  eden space 4416K,   0% used [0x04400000, 0x04400000, 0x04850000)
  from space 512K,   4% used [0x048d0000, 0x048d5480, 0x04950000)
  to   space 512K,   0% used [0x04850000, 0x04850000, 0x048d0000)
 tenured generation   total 10944K, used 3888K [0x09950000, 0x0a400000, 0x14400000)
   the space 10944K,  35% used [0x09950000, 0x09d1c180, 0x09d1c200, 0x0a400000)
 compacting perm gen  total 12288K, used 2818K [0x14400000, 0x15000000, 0x18400000)
   the space 12288K,  22% used [0x14400000, 0x146c0b98, 0x146c0c00, 0x15000000)
No shared spaces configured.
}
Event: 11.922 GC heap before
{Heap before GC invocations=1539 (full 0):
 def new generation   total 4928K, used 4437K [0x04400000, 0x04950000, 0x09950000)
  eden space 4416K, 100% used [0x04400000, 0x04850000, 0x04850000)
  from space 512K,   4% used [0x048d0000, 0x048d5480, 0x04950000)
  to   space 512K,   0% used [0x04850000, 0x04850000, 0x048d0000)
 tenured generation   total 10944K, used 3888K [0x09950000, 0x0a400000, 0x14400000)
   the space 10944K,  35% used [0x09950000, 0x09d1c180, 0x09d1c200, 0x0a400000)
 compacting perm gen  total 12288K, used 2818K [0x14400000, 0x15000000, 0x18400000)
   the space 12288K,  22% used [0x14400000, 0x146c0b98, 0x146c0c00, 0x15000000)
No shared spaces configured.
Event: 11.923 GC heap after
Heap after GC invocations=1540 (full 0):
 def new generation   total 4928K, used 21K [0x04400000, 0x04950000, 0x09950000)
  eden space 4416K,   0% used [0x04400000, 0x04400000, 0x04850000)
  from space 512K,   4% used [0x04850000, 0x048556e0, 0x048d0000)
  to   space 512K,   0% used [0x048d0000, 0x048d0000, 0x04950000)
 tenured generation   total 10944K, used 3889K [0x09950000, 0x0a400000, 0x14400000)
   the space 10944K,  35% used [0x09950000, 0x09d1c650, 0x09d1c800, 0x0a400000)
 compacting perm gen  total 12288K, used 2818K [0x14400000, 0x15000000, 0x18400000)
   the space 12288K,  22% used [0x14400000, 0x146c0b98, 0x146c0c00, 0x15000000)
No shared spaces configured.
}
Event: 11.928 GC heap before
{Heap before GC invocations=1540 (full 0):
 def new generation   total 4928K, used 4437K [0x04400000, 0x04950000, 0x09950000)
  eden space 4416K, 100% used [0x04400000, 0x04850000, 0x04850000)
  from space 512K,   4% used [0x04850000, 0x048556e0, 0x048d0000)
  to   space 512K,   0% used [0x048d0000, 0x048d0000, 0x04950000)
 tenured generation   total 10944K, used 3889K [0x09950000, 0x0a400000, 0x14400000)
   the space 10944K,  35% used [0x09950000, 0x09d1c650, 0x09d1c800, 0x0a400000)
 compacting perm gen  total 12288K, used 2818K [0x14400000, 0x15000000, 0x18400000)
   the space 12288K,  22% used [0x14400000, 0x146c0b98, 0x146c0c00, 0x15000000)
No shared spaces configured.
Event: 11.928 GC heap after
Heap after GC invocations=1541 (full 0):
 def new generation   total 4928K, used 22K [0x04400000, 0x04950000, 0x09950000)
  eden space 4416K,   0% used [0x04400000, 0x04400000, 0x04850000)
  from space 512K,   4% used [0x048d0000, 0x048d5a68, 0x04950000)
  to   space 512K,   0% used [0x04850000, 0x04850000, 0x048d0000)
 tenured generation   total 10944K, used 3890K [0x09950000, 0x0a400000, 0x14400000)
   the space 10944K,  35% used [0x09950000, 0x09d1cab0, 0x09d1cc00, 0x0a400000)
 compacting perm gen  total 12288K, used 2818K [0x14400000, 0x15000000, 0x18400000)
   the space 12288K,  22% used [0x14400000, 0x146c0b98, 0x146c0c00, 0x15000000)
No shared spaces configured.
}
Event: 104.600 GC heap before
{Heap before GC invocations=1541 (full 0):
 def new generation   total 4928K, used 4438K [0x04400000, 0x04950000, 0x09950000)
  eden space 4416K, 100% used [0x04400000, 0x04850000, 0x04850000)
  from space 512K,   4% used [0x048d0000, 0x048d5a68, 0x04950000)
  to   space 512K,   0% used [0x04850000, 0x04850000, 0x048d0000)
 tenured generation   total 10944K, used 3890K [0x09950000, 0x0a400000, 0x14400000)
   the space 10944K,  35% used [0x09950000, 0x09d1cab0, 0x09d1cc00, 0x0a400000)
 compacting perm gen  total 12288K, used 2835K [0x14400000, 0x15000000, 0x18400000)
   the space 12288K,  23% used [0x14400000, 0x146c4d48, 0x146c4e00, 0x15000000)
No shared spaces configured.
Event: 104.603 GC heap after
Heap after GC invocations=1542 (full 0):
 def new generation   total 4928K, used 512K [0x04400000, 0x04950000, 0x09950000)
  eden space 4416K,   0% used [0x04400000, 0x04400000, 0x04850000)
  from space 512K, 100% used [0x04850000, 0x048d0000, 0x048d0000)
  to   space 512K,   0% used [0x048d0000, 0x048d0000, 0x04950000)
 tenured generation   total 10944K, used 4473K [0x09950000, 0x0a400000, 0x14400000)
   the space 10944K,  40% used [0x09950000, 0x09dae6a0, 0x09dae800, 0x0a400000)
 compacting perm gen  total 12288K, used 2835K [0x14400000, 0x15000000, 0x18400000)
   the space 12288K,  23% used [0x14400000, 0x146c4d48, 0x146c4e00, 0x15000000)
No shared spaces configured.
}

Deoptimization events (0 events):
No events

Internal exceptions (10 events):
Event: 3.995 Thread 0x0091d800 Threw 0x04514af0 at C:\re\jdk7u67\1368\hotspot\src\share\vm\prims\jvm.cpp:1244
Event: 3.996 Thread 0x0091d800 Threw 0x04518380 at C:\re\jdk7u67\1368\hotspot\src\share\vm\prims\jvm.cpp:1244
Event: 3.998 Thread 0x0091d800 Threw 0x045260a0 at C:\re\jdk7u67\1368\hotspot\src\share\vm\prims\jvm.cpp:1244
Event: 3.998 Thread 0x0091d800 Threw 0x0452cf88 at C:\re\jdk7u67\1368\hotspot\src\share\vm\prims\jvm.cpp:1244
Event: 3.999 Thread 0x0091d800 Threw 0x04531998 at C:\re\jdk7u67\1368\hotspot\src\share\vm\prims\jvm.cpp:1244
Event: 3.999 Thread 0x0091d800 Threw 0x04535b30 at C:\re\jdk7u67\1368\hotspot\src\share\vm\prims\jvm.cpp:1244
Event: 4.012 Thread 0x0091d800 Threw 0x04545e90 at C:\re\jdk7u67\1368\hotspot\src\share\vm\prims\jvm.cpp:1244
Event: 4.435 Thread 0x0091d800 Threw 0x045b33a0 at C:\re\jdk7u67\1368\hotspot\src\share\vm\prims\jvm.cpp:1244
Event: 15.768 Thread 0x0091d800 Threw 0x044c0a88 at C:\re\jdk7u67\1368\hotspot\src\share\vm\prims\jvm.cpp:1244
Event: 18.577 Thread 0x0091d800 Threw 0x044ce590 at C:\re\jdk7u67\1368\hotspot\src\share\vm\prims\jvm.cpp:1244

Events (10 events):
Event: 27876.711 Executing VM operation: ChangeBreakpoints
Event: 27876.711 Executing VM operation: ChangeBreakpoints done
Event: 28211.746 Executing VM operation: ChangeBreakpoints
Event: 28211.778 Executing VM operation: ChangeBreakpoints done
Event: 28211.778 Executing VM operation: ChangeBreakpoints
Event: 28211.778 Executing VM operation: ChangeBreakpoints done
Event: 28211.779 Executing VM operation: ChangeBreakpoints
Event: 28211.779 Executing VM operation: ChangeBreakpoints done
Event: 28211.779 Executing VM operation: ChangeBreakpoints
Event: 28211.779 Executing VM operation: ChangeBreakpoints done


Dynamic libraries:
0x00c40000 - 0x00c6f000 	C:\Program Files (x86)\Java\jdk1.7.0_67\bin\java.exe
0x77700000 - 0x77880000 	C:\Windows\SysWOW64\ntdll.dll
0x77100000 - 0x77210000 	C:\Windows\syswow64\kernel32.dll
0x766c0000 - 0x76707000 	C:\Windows\syswow64\KERNELBASE.dll
0x769f0000 - 0x76a90000 	C:\Windows\syswow64\ADVAPI32.dll
0x76720000 - 0x767cc000 	C:\Windows\syswow64\msvcrt.dll
0x772e0000 - 0x772f9000 	C:\Windows\SysWOW64\sechost.dll
0x76860000 - 0x76950000 	C:\Windows\syswow64\RPCRT4.dll
0x750a0000 - 0x75100000 	C:\Windows\syswow64\SspiCli.dll
0x75090000 - 0x7509c000 	C:\Windows\syswow64\CRYPTBASE.dll
0x760d0000 - 0x761d0000 	C:\Windows\syswow64\USER32.dll
0x767d0000 - 0x76860000 	C:\Windows\syswow64\GDI32.dll
0x776d0000 - 0x776da000 	C:\Windows\syswow64\LPK.dll
0x761d0000 - 0x7626d000 	C:\Windows\syswow64\USP10.dll
0x71e50000 - 0x71fee000 	C:\Windows\WinSxS\x86_microsoft.windows.common-controls_6595b64144ccf1df_6.0.7601.17514_none_41e6975e2bd6f2b2\COMCTL32.dll
0x76f40000 - 0x76f97000 	C:\Windows\syswow64\SHLWAPI.dll
0x76990000 - 0x769f0000 	C:\Windows\system32\IMM32.DLL
0x77030000 - 0x770fc000 	C:\Windows\syswow64\MSCTF.dll
0x69880000 - 0x6993f000 	C:\Program Files (x86)\Java\jdk1.7.0_67\jre\bin\msvcr100.dll
0x57e00000 - 0x58188000 	C:\Program Files (x86)\Java\jdk1.7.0_67\jre\bin\client\jvm.dll
0x720e0000 - 0x720e7000 	C:\Windows\system32\WSOCK32.dll
0x76fa0000 - 0x76fd5000 	C:\Windows\syswow64\WS2_32.dll
0x76d00000 - 0x76d06000 	C:\Windows\syswow64\NSI.dll
0x737a0000 - 0x737d2000 	C:\Windows\system32\WINMM.dll
0x75d90000 - 0x75d95000 	C:\Windows\syswow64\PSAPI.DLL
0x69870000 - 0x6987c000 	C:\Program Files (x86)\Java\jdk1.7.0_67\jre\bin\verify.dll
0x69850000 - 0x69870000 	C:\Program Files (x86)\Java\jdk1.7.0_67\jre\bin\java.dll
0x69820000 - 0x6984a000 	C:\Program Files (x86)\Java\jdk1.7.0_67\jre\bin\jdwp.dll
0x69810000 - 0x69817000 	C:\Program Files (x86)\Java\jdk1.7.0_67\jre\bin\npt.dll
0x697f0000 - 0x69803000 	C:\Program Files (x86)\Java\jdk1.7.0_67\jre\bin\zip.dll
0x697e0000 - 0x697e8000 	C:\Program Files (x86)\Java\jdk1.7.0_67\jre\bin\dt_socket.dll
0x72040000 - 0x7207c000 	C:\Windows\system32\mswsock.dll
0x72000000 - 0x72005000 	C:\Windows\System32\wshtcpip.dll
0x70e90000 - 0x70edc000 	C:\Windows\system32\apphelp.dll
0x697c0000 - 0x697d4000 	C:\Program Files (x86)\Java\jdk1.7.0_67\jre\bin\net.dll
0x70ad0000 - 0x70ad6000 	C:\Windows\System32\wship6.dll
0x697b0000 - 0x697bf000 	C:\Program Files (x86)\Java\jdk1.7.0_67\jre\bin\nio.dll
0x6e5a0000 - 0x6e68b000 	C:\Windows\system32\dbghelp.dll

VM Arguments:
jvm_args: -agentlib:jdwp=transport=dt_socket,address=127.0.0.1:52509,suspend=y,server=n -Dfile.encoding=UTF-8 
java_command: ModuleScrobbler.ModularScrobbler
Launcher Type: SUN_STANDARD

Environment Variables:
PATH=C:\Program Files (x86)\NVIDIA Corporation\PhysX\Common;C:\Program Files\Common Files\Microsoft Shared\Windows Live;C:\Windows\system32;C:\Windows;C:\Windows\System32\Wbem;C:\Windows\System32\WindowsPowerShell\v1.0\;C:\Program Files (x86)\ATI Technologies\ATI.ACE\Core-Static;C:\Program Files (x86)\Java\jre7\bin;C:\Program Files (x86)\AMD\ATI.ACE\Core-Static;C:\Program Files\Common Files\Microsoft Shared\Windows Live
USERNAME=Christoffer
OS=Windows_NT
PROCESSOR_IDENTIFIER=Intel64 Family 6 Model 37 Stepping 5, GenuineIntel



---------------  S Y S T E M  ---------------

OS: Windows 7 , 64 bit Build 7601 Service Pack 1

CPU:total 4 (2 cores per cpu, 2 threads per core) family 6 model 37 stepping 5, cmov, cx8, fxsr, mmx, sse, sse2, sse3, ssse3, sse4.1, sse4.2, popcnt, aes, ht, tsc, tscinvbit

Memory: 4k page, physical 6151284k(1394820k free), swap 12300708k(5263312k free)

vm_info: Java HotSpot(TM) Client VM (24.65-b04) for windows-x86 JRE (1.7.0_67-b01), built on Jul 25 2014 10:20:53 by "java_re" with unknown MS VC++:1600

time: Tue Feb 10 00:33:10 2015
elapsed time: 28212 seconds

