#
# A fatal error has been detected by the Java Runtime Environment:
#
#  EXCEPTION_ACCESS_VIOLATION (0xc0000005) at pc=0x6df6e21b, pid=6212, tid=7048
#
# JRE version: Java(TM) SE Runtime Environment (7.0_67-b01) (build 1.7.0_67-b01)
# Java VM: Java HotSpot(TM) Client VM (24.65-b04 mixed mode windows-x86 )
# Problematic frame:
# V  [jvm.dll+0xde21b]
#
# Failed to write core dump. Minidumps are not enabled by default on client versions of Windows
#
# If you would like to submit a bug report, please visit:
#   http://bugreport.sun.com/bugreport/crash.jsp
#

---------------  T H R E A D  ---------------

Current thread (0x00ee0800):  JavaThread "JDWP Transport Listener: dt_socket" daemon [_thread_in_vm, id=7048, stack(0x18ce0000,0x18d30000)]

siginfo: ExceptionCode=0xc0000005, reading address 0x3b676e69

Registers:
EAX=0x3b676e69, EBX=0x00000000, ECX=0x3b676e69, EDX=0x00000000
ESP=0x18d2f6a4, EBP=0x18d2f6a8, ESI=0x004f8010, EDI=0x18d2f788
EIP=0x6df6e21b, EFLAGS=0x00010206

Top of Stack: (sp=0x18d2f6a4)
0x18d2f6a4:   004f8010 18d2f6d0 6e0a0bda 3b676e69
0x18d2f6b4:   18d2f70b 00ee0800 00000000 00000000
0x18d2f6c4:   00000000 00ee0800 00ee0800 18d2f70c
0x18d2f6d4:   65d49d8d 004f8010 3b676e69 18d2f70b
0x18d2f6e4:   3b676e69 65d3436d 3b676e69 18d2f70b
0x18d2f6f4:   00000028 00000000 00000000 0000000a
0x18d2f704:   00000000 00eab09c 18d2f72c 65d344e0
0x18d2f714:   00000001 18d2f748 18d2f784 1959d778 

Instructions: (pc=0x6df6e21b)
0x6df6e1fb:   89 4f 04 8b 56 0c 89 57 08 8b 46 10 89 47 0c 5f
0x6df6e20b:   5e 5d c2 0c 00 55 8b ec 8b 45 08 56 85 c0 74 28
0x6df6e21b:   8b 30 85 f6 74 22 81 fe fe fe fe fe 74 1a 8b 4e
0x6df6e22b:   04 8b 41 08 8b 90 90 00 00 00 83 c1 08 ff d2 84 


Register to memory mapping:

EAX=0x3b676e69 is an unknown value
EBX=0x00000000 is an unknown value
ECX=0x3b676e69 is an unknown value
EDX=0x00000000 is an unknown value
ESP=0x18d2f6a4 is pointing into the stack for thread: 0x00ee0800
EBP=0x18d2f6a8 is pointing into the stack for thread: 0x00ee0800
ESI=0x004f8010 is an unknown value
EDI=0x18d2f788 is pointing into the stack for thread: 0x00ee0800


Stack: [0x18ce0000,0x18d30000],  sp=0x18d2f6a4,  free space=317k
Native frames: (J=compiled Java code, j=interpreted, Vv=VM code, C=native code)
V  [jvm.dll+0xde21b]
V  [jvm.dll+0x210bda]
C  [jdwp.dll+0x19d8d]
C  [jdwp.dll+0x44e0]
C  [jdwp.dll+0x451e]


---------------  P R O C E S S  ---------------

Java Threads: ( => current thread )
  0x00efd000 JavaThread "Service Thread" daemon [_thread_blocked, id=6148, stack(0x19090000,0x190e0000)]
  0x00ef7c00 JavaThread "C1 CompilerThread0" daemon [_thread_blocked, id=2952, stack(0x18940000,0x18990000)]
  0x00ee9000 JavaThread "JDWP Command Reader" daemon [_thread_in_native, id=6996, stack(0x00df0000,0x00e40000)]
  0x00ee8000 JavaThread "JDWP Event Helper Thread" daemon [_thread_blocked, id=4388, stack(0x18e40000,0x18e90000)]
=>0x00ee0800 JavaThread "JDWP Transport Listener: dt_socket" daemon [_thread_in_vm, id=7048, stack(0x18ce0000,0x18d30000)]
  0x00ed8c00 JavaThread "Attach Listener" daemon [_thread_blocked, id=5696, stack(0x01090000,0x010e0000)]
  0x00ed5c00 JavaThread "Signal Dispatcher" daemon [_thread_blocked, id=6108, stack(0x18990000,0x189e0000)]
  0x00ea9400 JavaThread "Finalizer" daemon [_thread_blocked, id=6796, stack(0x01180000,0x011d0000)]
  0x00ea4400 JavaThread "Reference Handler" daemon [_thread_blocked, id=5212, stack(0x01120000,0x01170000)]
  0x004fcc00 JavaThread "main" [_thread_blocked, id=6180, stack(0x00e40000,0x00e90000)]

Other Threads:
  0x00ea0800 VMThread [stack: 0x01250000,0x012a0000] [id=6196]
  0x00f18000 WatcherThread [stack: 0x191d0000,0x19220000] [id=752]

VM state:not at safepoint (normal execution)

VM Mutex/Monitor currently owned by a thread: None

Heap
 def new generation   total 4928K, used 4038K [0x04800000, 0x04d50000, 0x09d50000)
  eden space 4416K,  91% used [0x04800000, 0x04bf1960, 0x04c50000)
  from space 512K,   0% used [0x04c50000, 0x04c50000, 0x04cd0000)
  to   space 512K,   0% used [0x04cd0000, 0x04cd0000, 0x04d50000)
 tenured generation   total 10944K, used 0K [0x09d50000, 0x0a800000, 0x14800000)
   the space 10944K,   0% used [0x09d50000, 0x09d50000, 0x09d50200, 0x0a800000)
 compacting perm gen  total 12288K, used 4497K [0x14800000, 0x15400000, 0x18800000)
   the space 12288K,  36% used [0x14800000, 0x14c64660, 0x14c64800, 0x15400000)
No shared spaces configured.

Card table byte_map: [0x00420000,0x004d0000] byte_map_base: 0x003fc000

Polling page: 0x00260000

Code Cache  [0x02800000, 0x028d8000, 0x04800000)
 total_blobs=261 nmethods=114 adapters=92 free_code_cache=31935Kb largest_free_block=32701504

Compilation events (10 events):
Event: 21.393 Thread 0x00ef7c00  110             com.sun.org.apache.xerces.internal.dom.NodeImpl::needsSyncData (15 bytes)
Event: 21.393 Thread 0x00ef7c00 nmethod 110 0x028cf148 code [0x028cf240, 0x028cf2d0]
Event: 21.395 Thread 0x00ef7c00  111             java.util.AbstractCollection::<init> (5 bytes)
Event: 21.395 Thread 0x00ef7c00 nmethod 111 0x028cf308 code [0x028cf400, 0x028cf480]
Event: 21.396 Thread 0x00ef7c00  112             java.util.AbstractList::<init> (10 bytes)
Event: 21.396 Thread 0x00ef7c00 nmethod 112 0x028cf4c8 code [0x028cf5c0, 0x028cf640]
Event: 21.399 Thread 0x00ef7c00  113             java.util.HashMap$Entry::<init> (26 bytes)
Event: 21.399 Thread 0x00ef7c00 nmethod 113 0x028cf688 code [0x028cf780, 0x028cf840]
Event: 21.400 Thread 0x00ef7c00  114             com.sun.org.apache.xerces.internal.impl.XMLDocumentFragmentScannerImpl::scanDocument (272 bytes)
Event: 21.401 Thread 0x00ef7c00 nmethod 114 0x028cf888 code [0x028cfa60, 0x028cfffc]

GC Heap History (0 events):
No events

Deoptimization events (0 events):
No events

Internal exceptions (10 events):
Event: 21.373 Thread 0x004fcc00 Threw 0x04b39260 at C:\re\jdk7u67\1368\hotspot\src\share\vm\prims\jvm.cpp:1244
Event: 21.374 Thread 0x004fcc00 Threw 0x04b42f08 at C:\re\jdk7u67\1368\hotspot\src\share\vm\prims\jvm.cpp:1244
Event: 21.375 Thread 0x004fcc00 Threw 0x04b498f8 at C:\re\jdk7u67\1368\hotspot\src\share\vm\prims\jvm.cpp:1244
Event: 21.376 Thread 0x004fcc00 Threw 0x04b50b70 at C:\re\jdk7u67\1368\hotspot\src\share\vm\prims\jvm.cpp:1244
Event: 21.376 Thread 0x004fcc00 Threw 0x04b556d0 at C:\re\jdk7u67\1368\hotspot\src\share\vm\prims\jvm.cpp:1244
Event: 21.377 Thread 0x004fcc00 Threw 0x04b59900 at C:\re\jdk7u67\1368\hotspot\src\share\vm\prims\jvm.cpp:1244
Event: 21.377 Thread 0x004fcc00 Threw 0x04b5de58 at C:\re\jdk7u67\1368\hotspot\src\share\vm\prims\jvm.cpp:1244
Event: 21.378 Thread 0x004fcc00 Threw 0x04b64580 at C:\re\jdk7u67\1368\hotspot\src\share\vm\prims\jvm.cpp:1244
Event: 21.386 Thread 0x004fcc00 Threw 0x04b87170 at C:\re\jdk7u67\1368\hotspot\src\share\vm\prims\jvm.cpp:1244
Event: 21.397 Thread 0x004fcc00 Threw 0x04bbef60 at C:\re\jdk7u67\1368\hotspot\src\share\vm\prims\jvm.cpp:1244

Events (10 events):
Event: 955.467 Executing VM operation: ChangeBreakpoints
Event: 955.467 Executing VM operation: ChangeBreakpoints done
Event: 955.474 Executing VM operation: ChangeBreakpoints
Event: 955.474 Executing VM operation: ChangeBreakpoints done
Event: 955.474 Executing VM operation: ChangeBreakpoints
Event: 955.474 Executing VM operation: ChangeBreakpoints done
Event: 955.474 Executing VM operation: ChangeBreakpoints
Event: 955.474 Executing VM operation: ChangeBreakpoints done
Event: 955.489 Executing VM operation: RedefineClasses
Event: 955.490 Executing VM operation: RedefineClasses done


Dynamic libraries:
0x013d0000 - 0x013ff000 	C:\Program Files (x86)\Java\jdk1.7.0_67\bin\java.exe
0x77940000 - 0x77ac0000 	C:\Windows\SysWOW64\ntdll.dll
0x75420000 - 0x75530000 	C:\Windows\syswow64\kernel32.dll
0x76e70000 - 0x76eb7000 	C:\Windows\syswow64\KERNELBASE.dll
0x769f0000 - 0x76a90000 	C:\Windows\syswow64\ADVAPI32.dll
0x76aa0000 - 0x76b4c000 	C:\Windows\syswow64\msvcrt.dll
0x757c0000 - 0x757d9000 	C:\Windows\SysWOW64\sechost.dll
0x75670000 - 0x75760000 	C:\Windows\syswow64\RPCRT4.dll
0x75330000 - 0x75390000 	C:\Windows\syswow64\SspiCli.dll
0x75320000 - 0x7532c000 	C:\Windows\syswow64\CRYPTBASE.dll
0x75540000 - 0x75640000 	C:\Windows\syswow64\USER32.dll
0x75390000 - 0x75420000 	C:\Windows\syswow64\GDI32.dll
0x76b70000 - 0x76b7a000 	C:\Windows\syswow64\LPK.dll
0x774a0000 - 0x7753d000 	C:\Windows\syswow64\USP10.dll
0x75060000 - 0x751fe000 	C:\Windows\WinSxS\x86_microsoft.windows.common-controls_6595b64144ccf1df_6.0.7601.17514_none_41e6975e2bd6f2b2\COMCTL32.dll
0x76860000 - 0x768b7000 	C:\Windows\syswow64\SHLWAPI.dll
0x75760000 - 0x757c0000 	C:\Windows\system32\IMM32.DLL
0x771b0000 - 0x7727c000 	C:\Windows\syswow64\MSCTF.dll
0x65d60000 - 0x65e1f000 	C:\Program Files (x86)\Java\jdk1.7.0_67\jre\bin\msvcr100.dll
0x6de90000 - 0x6e218000 	C:\Program Files (x86)\Java\jdk1.7.0_67\jre\bin\client\jvm.dll
0x73d30000 - 0x73d37000 	C:\Windows\system32\WSOCK32.dll
0x767d0000 - 0x76805000 	C:\Windows\syswow64\WS2_32.dll
0x771a0000 - 0x771a6000 	C:\Windows\syswow64\NSI.dll
0x71570000 - 0x715a2000 	C:\Windows\system32\WINMM.dll
0x77190000 - 0x77195000 	C:\Windows\syswow64\PSAPI.DLL
0x675c0000 - 0x675cc000 	C:\Program Files (x86)\Java\jdk1.7.0_67\jre\bin\verify.dll
0x675a0000 - 0x675c0000 	C:\Program Files (x86)\Java\jdk1.7.0_67\jre\bin\java.dll
0x65d30000 - 0x65d5a000 	C:\Program Files (x86)\Java\jdk1.7.0_67\jre\bin\jdwp.dll
0x67590000 - 0x67597000 	C:\Program Files (x86)\Java\jdk1.7.0_67\jre\bin\npt.dll
0x65d10000 - 0x65d23000 	C:\Program Files (x86)\Java\jdk1.7.0_67\jre\bin\zip.dll
0x67580000 - 0x67588000 	C:\Program Files (x86)\Java\jdk1.7.0_67\jre\bin\dt_socket.dll
0x72710000 - 0x7274c000 	C:\Windows\system32\mswsock.dll
0x72640000 - 0x72645000 	C:\Windows\System32\wshtcpip.dll
0x65cf0000 - 0x65d04000 	C:\Program Files (x86)\Java\jdk1.7.0_67\jre\bin\net.dll
0x72630000 - 0x72636000 	C:\Windows\System32\wship6.dll
0x67570000 - 0x6757f000 	C:\Program Files (x86)\Java\jdk1.7.0_67\jre\bin\nio.dll
0x73920000 - 0x73964000 	C:\Windows\system32\DNSAPI.dll
0x726d0000 - 0x726f1000 	C:\Program Files (x86)\Bonjour\mdnsNSP.dll
0x73a90000 - 0x73aac000 	C:\Windows\system32\Iphlpapi.DLL
0x73a80000 - 0x73a87000 	C:\Windows\system32\WINNSI.DLL
0x726a0000 - 0x726c4000 	C:\Program Files (x86)\Common Files\Microsoft Shared\Windows Live\WLIDNSP.DLL
0x72650000 - 0x72656000 	C:\Windows\system32\rasadhlp.dll
0x72660000 - 0x72698000 	C:\Windows\System32\fwpuclnt.dll
0x6b840000 - 0x6b92b000 	C:\Windows\system32\dbghelp.dll

VM Arguments:
jvm_args: -agentlib:jdwp=transport=dt_socket,address=127.0.0.1:51321,suspend=y,server=n -Dfile.encoding=UTF-8 
java_command: IpodScrobbler
Launcher Type: SUN_STANDARD

Environment Variables:
PATH=ommonProgramFiles\Microsoft Shared\Windows Live;C:\Windows\system32;C:\Windows;C:\Windows\System32\Wbem;C:\Windows\System32\WindowsPowerShell\v1.0\;C:\Program Files (x86)\ATI Technologies\ATI.ACE\Core-Static;C:\Program Files\Common Files\Microsoft Shared\Windows Live
USERNAME=Christoffer
OS=Windows_NT
PROCESSOR_IDENTIFIER=Intel64 Family 6 Model 37 Stepping 5, GenuineIntel



---------------  S Y S T E M  ---------------

OS: Windows 7 , 64 bit Build 7601 Service Pack 1

CPU:total 4 (2 cores per cpu, 2 threads per core) family 6 model 37 stepping 5, cmov, cx8, fxsr, mmx, sse, sse2, sse3, ssse3, sse4.1, sse4.2, popcnt, aes, ht, tsc, tscinvbit

Memory: 4k page, physical 6151284k(2948532k free), swap 12300704k(8562784k free)

vm_info: Java HotSpot(TM) Client VM (24.65-b04) for windows-x86 JRE (1.7.0_67-b01), built on Jul 25 2014 10:20:53 by "java_re" with unknown MS VC++:1600

time: Mon Oct 13 13:05:59 2014
elapsed time: 955 seconds

