#
# A fatal error has been detected by the Java Runtime Environment:
#
#  EXCEPTION_ACCESS_VIOLATION (0xc0000005) at pc=0x55c7e22f, pid=13992, tid=13876
#
# JRE version: Java(TM) SE Runtime Environment (7.0_67-b01) (build 1.7.0_67-b01)
# Java VM: Java HotSpot(TM) Client VM (24.65-b04 mixed mode windows-x86 )
# Problematic frame:
# V  [jvm.dll+0xde22f]
#
# Failed to write core dump. Minidumps are not enabled by default on client versions of Windows
#
# If you would like to submit a bug report, please visit:
#   http://bugreport.sun.com/bugreport/crash.jsp
#

---------------  T H R E A D  ---------------

Current thread (0x00c60800):  JavaThread "JDWP Transport Listener: dt_socket" daemon [_thread_in_vm, id=13876, stack(0x18960000,0x189b0000)]

siginfo: ExceptionCode=0xc0000005, reading address 0x2f6c6a04

Registers:
EAX=0x2f6c6974, EBX=0x00000000, ECX=0x00d34220, EDX=0x00000000
ESP=0x189af714, EBP=0x189af718, ESI=0x00da6f40, EDI=0x189af7f8
EIP=0x55c7e22f, EFLAGS=0x00010217

Top of Stack: (sp=0x189af714)
0x189af714:   00bf8020 189af740 55db0bda 00d34220
0x189af724:   189af77b 00c60800 00000000 00000000
0x189af734:   00000000 00c60800 00c60800 189af77c
0x189af744:   55a59d8d 00bf8020 00d34220 189af77b
0x189af754:   00d34220 55a4436d 00d34220 189af77b
0x189af764:   0000002a 00000000 00000000 f0001008
0x189af774:   00000000 01c2b180 189af79c 55a444e0
0x189af784:   00000001 189af7b8 189af7f4 00d743a0 

Instructions: (pc=0x55c7e22f)
0x55c7e20f:   00 55 8b ec 8b 45 08 56 85 c0 74 28 8b 30 85 f6
0x55c7e21f:   74 22 81 fe fe fe fe fe 74 1a 8b 4e 04 8b 41 08
0x55c7e22f:   8b 90 90 00 00 00 83 c1 08 ff d2 84 c0 74 05 8b
0x55c7e23f:   c6 5e 5d c3 33 c0 5e 5d c3 cc cc cc cc cc cc cc 


Register to memory mapping:

EAX=0x2f6c6974 is an unknown value
EBX=0x00000000 is an unknown value
ECX=0x00d34220 is an unknown value
EDX=0x00000000 is an unknown value
ESP=0x189af714 is pointing into the stack for thread: 0x00c60800
EBP=0x189af718 is pointing into the stack for thread: 0x00c60800
ESI=0x00da6f40 is an unknown value
EDI=0x189af7f8 is pointing into the stack for thread: 0x00c60800


Stack: [0x18960000,0x189b0000],  sp=0x189af714,  free space=317k
Native frames: (J=compiled Java code, j=interpreted, Vv=VM code, C=native code)
V  [jvm.dll+0xde22f]
V  [jvm.dll+0x210bda]
C  [jdwp.dll+0x19d8d]
C  [jdwp.dll+0x44e0]
C  [jdwp.dll+0x451e]


---------------  P R O C E S S  ---------------

Java Threads: ( => current thread )
  0x00c80c00 JavaThread "Service Thread" daemon [_thread_blocked, id=14268, stack(0x19120000,0x19170000)]
  0x00c7d000 JavaThread "C1 CompilerThread0" daemon [_thread_blocked, id=13996, stack(0x19010000,0x19060000)]
  0x00c69000 JavaThread "JDWP Command Reader" daemon [_thread_in_native, id=6036, stack(0x00ee0000,0x00f30000)]
  0x00c68000 JavaThread "JDWP Event Helper Thread" daemon [_thread_blocked, id=13356, stack(0x18f00000,0x18f50000)]
=>0x00c60800 JavaThread "JDWP Transport Listener: dt_socket" daemon [_thread_in_vm, id=13876, stack(0x18960000,0x189b0000)]
  0x00c58c00 JavaThread "Attach Listener" daemon [_thread_blocked, id=14164, stack(0x18a20000,0x18a70000)]
  0x00c55c00 JavaThread "Signal Dispatcher" daemon [_thread_blocked, id=13556, stack(0x18850000,0x188a0000)]
  0x00c25c00 JavaThread "Finalizer" daemon [_thread_blocked, id=13668, stack(0x04770000,0x047c0000)]
  0x00c24400 JavaThread "Reference Handler" daemon [_thread_blocked, id=13840, stack(0x00a70000,0x00ac0000)]
  0x00bfcc00 JavaThread "main" [_thread_in_native, id=12704, stack(0x001c0000,0x00210000)]

Other Threads:
  0x00c20800 VMThread [stack: 0x00af0000,0x00b40000] [id=10740]
  0x00c86c00 WatcherThread [stack: 0x19170000,0x191c0000] [id=13832]

VM state:not at safepoint (normal execution)

VM Mutex/Monitor currently owned by a thread: None

Heap
 def new generation   total 4928K, used 1278K [0x04800000, 0x04d50000, 0x09d50000)
  eden space 4416K,  28% used [0x04800000, 0x0493f8f8, 0x04c50000)
  from space 512K,   0% used [0x04c50000, 0x04c50000, 0x04cd0000)
  to   space 512K,   0% used [0x04cd0000, 0x04cd0000, 0x04d50000)
 tenured generation   total 10944K, used 0K [0x09d50000, 0x0a800000, 0x14800000)
   the space 10944K,   0% used [0x09d50000, 0x09d50000, 0x09d50200, 0x0a800000)
 compacting perm gen  total 12288K, used 2284K [0x14800000, 0x15400000, 0x18800000)
   the space 12288K,  18% used [0x14800000, 0x14a3b2a0, 0x14a3b400, 0x15400000)
No shared spaces configured.

Card table byte_map: [0x00690000,0x00740000] byte_map_base: 0x0066c000

Polling page: 0x001a0000

Code Cache  [0x026c0000, 0x02768000, 0x046c0000)
 total_blobs=157 nmethods=32 adapters=71 free_code_cache=32103Kb largest_free_block=32873984

Compilation events (10 events):
Event: 3.159 Thread 0x00c7d000   28             sun.nio.cs.UTF_8$Decoder::decodeArrayLoop (543 bytes)
Event: 3.165 Thread 0x00c7d000 nmethod 28 0x0275f5c8 code [0x0275fad0, 0x02760cd8]
Event: 3.165 Thread 0x00c7d000   29             sun.net.www.ParseUtil::encodePath (336 bytes)
Event: 3.167 Thread 0x00c7d000 nmethod 29 0x02763908 code [0x02763ab0, 0x02764188]
Event: 3.167 Thread 0x00c7d000   30             java.lang.String$CaseInsensitiveComparator::compare (111 bytes)
Event: 3.169 Thread 0x00c7d000 nmethod 30 0x02764888 code [0x02764a40, 0x02764de8]
Event: 3.236 Thread 0x00c7d000   31             java.io.BufferedInputStream::getBufIfOpen (21 bytes)
Event: 3.236 Thread 0x00c7d000 nmethod 31 0x02765748 code [0x02765850, 0x0276594c]
Event: 3.236 Thread 0x00c7d000   32  s          java.io.BufferedInputStream::read (49 bytes)
Event: 3.236 Thread 0x00c7d000 nmethod 32 0x02765a08 code [0x02765b30, 0x02765e28]

GC Heap History (0 events):
No events

Deoptimization events (0 events):
No events

Internal exceptions (10 events):
Event: 1.142 Thread 0x00bfcc00 Threw 0x0480b9f0 at C:\re\jdk7u67\1368\hotspot\src\share\vm\prims\jni.cpp:3991
Event: 2.856 Thread 0x00bfcc00 Threw 0x04874710 at C:\re\jdk7u67\1368\hotspot\src\share\vm\prims\jvm.cpp:1244
Event: 2.993 Thread 0x00bfcc00 Threw 0x048d9510 at C:\re\jdk7u67\1368\hotspot\src\share\vm\prims\jvm.cpp:1244
Event: 3.004 Thread 0x00bfcc00 Threw 0x048dce50 at C:\re\jdk7u67\1368\hotspot\src\share\vm\prims\jvm.cpp:1244
Event: 3.020 Thread 0x00bfcc00 Threw 0x048f69f0 at C:\re\jdk7u67\1368\hotspot\src\share\vm\prims\jvm.cpp:1244
Event: 3.070 Thread 0x00bfcc00 Threw 0x048fc148 at C:\re\jdk7u67\1368\hotspot\src\share\vm\prims\jvm.cpp:1244
Event: 3.163 Thread 0x00bfcc00 Threw 0x0492cbd0 at C:\re\jdk7u67\1368\hotspot\src\share\vm\prims\jvm.cpp:1244
Event: 3.163 Thread 0x00bfcc00 Threw 0x0492cce8 at C:\re\jdk7u67\1368\hotspot\src\share\vm\prims\jvm.cpp:1244
Event: 3.164 Thread 0x00bfcc00 Threw 0x04930ce8 at C:\re\jdk7u67\1368\hotspot\src\share\vm\prims\jvm.cpp:1244
Event: 3.164 Thread 0x00bfcc00 Threw 0x04930e00 at C:\re\jdk7u67\1368\hotspot\src\share\vm\prims\jvm.cpp:1244

Events (10 events):
Event: 773.793 Executing VM operation: ChangeBreakpoints
Event: 773.793 Executing VM operation: ChangeBreakpoints done
Event: 790.156 Executing VM operation: ChangeBreakpoints
Event: 790.156 Executing VM operation: ChangeBreakpoints done
Event: 799.327 Executing VM operation: ChangeBreakpoints
Event: 799.327 Executing VM operation: ChangeBreakpoints done
Event: 800.206 Executing VM operation: ChangeBreakpoints
Event: 800.206 Executing VM operation: ChangeBreakpoints done
Event: 837.660 Executing VM operation: RedefineClasses
Event: 837.660 Executing VM operation: RedefineClasses done


Dynamic libraries:
0x00f30000 - 0x00f5f000 	C:\Program Files (x86)\Java\jdk1.7.0_67\bin\java.exe
0x77d70000 - 0x77ef0000 	C:\Windows\SysWOW64\ntdll.dll
0x77830000 - 0x77940000 	C:\Windows\syswow64\kernel32.dll
0x75b00000 - 0x75b47000 	C:\Windows\syswow64\KERNELBASE.dll
0x764c0000 - 0x76560000 	C:\Windows\syswow64\ADVAPI32.dll
0x75880000 - 0x7592c000 	C:\Windows\syswow64\msvcrt.dll
0x75cf0000 - 0x75d09000 	C:\Windows\SysWOW64\sechost.dll
0x75d20000 - 0x75e10000 	C:\Windows\syswow64\RPCRT4.dll
0x75760000 - 0x757c0000 	C:\Windows\syswow64\SspiCli.dll
0x75750000 - 0x7575c000 	C:\Windows\syswow64\CRYPTBASE.dll
0x75bf0000 - 0x75cf0000 	C:\Windows\syswow64\USER32.dll
0x76040000 - 0x760d0000 	C:\Windows\syswow64\GDI32.dll
0x75be0000 - 0x75bea000 	C:\Windows\syswow64\LPK.dll
0x757e0000 - 0x7587d000 	C:\Windows\syswow64\USP10.dll
0x71000000 - 0x7119e000 	C:\Windows\WinSxS\x86_microsoft.windows.common-controls_6595b64144ccf1df_6.0.7601.17514_none_41e6975e2bd6f2b2\COMCTL32.dll
0x77760000 - 0x777b7000 	C:\Windows\syswow64\SHLWAPI.dll
0x77700000 - 0x77760000 	C:\Windows\system32\IMM32.DLL
0x77200000 - 0x772cc000 	C:\Windows\syswow64\MSCTF.dll
0x55f30000 - 0x55fef000 	C:\Program Files (x86)\Java\jdk1.7.0_67\jre\bin\msvcr100.dll
0x55ba0000 - 0x55f28000 	C:\Program Files (x86)\Java\jdk1.7.0_67\jre\bin\client\jvm.dll
0x74160000 - 0x74167000 	C:\Windows\system32\WSOCK32.dll
0x777c0000 - 0x777f5000 	C:\Windows\syswow64\WS2_32.dll
0x75ad0000 - 0x75ad6000 	C:\Windows\syswow64\NSI.dll
0x72840000 - 0x72872000 	C:\Windows\system32\WINMM.dll
0x75d10000 - 0x75d15000 	C:\Windows\syswow64\PSAPI.DLL
0x55b90000 - 0x55b9c000 	C:\Program Files (x86)\Java\jdk1.7.0_67\jre\bin\verify.dll
0x55b70000 - 0x55b90000 	C:\Program Files (x86)\Java\jdk1.7.0_67\jre\bin\java.dll
0x55a40000 - 0x55a6a000 	C:\Program Files (x86)\Java\jdk1.7.0_67\jre\bin\jdwp.dll
0x55b60000 - 0x55b67000 	C:\Program Files (x86)\Java\jdk1.7.0_67\jre\bin\npt.dll
0x55a20000 - 0x55a33000 	C:\Program Files (x86)\Java\jdk1.7.0_67\jre\bin\zip.dll
0x55a10000 - 0x55a18000 	C:\Program Files (x86)\Java\jdk1.7.0_67\jre\bin\dt_socket.dll
0x70920000 - 0x7095c000 	C:\Windows\system32\mswsock.dll
0x70790000 - 0x70795000 	C:\Windows\System32\wshtcpip.dll
0x5fad0000 - 0x5fbbb000 	C:\Windows\system32\dbghelp.dll

VM Arguments:
jvm_args: -agentlib:jdwp=transport=dt_socket,address=127.0.0.1:55623,suspend=y,server=n -Dfile.encoding=UTF-8 
java_command: IpodScrobbler
Launcher Type: SUN_STANDARD

Environment Variables:
PATH=C:\Program Files\Common Files\Microsoft Shared\Windows Live;C:\Windows\system32;C:\Windows;C:\Windows\System32\Wbem;C:\Windows\System32\WindowsPowerShell\v1.0\;C:\Program Files (x86)\ATI Technologies\ATI.ACE\Core-Static;C:\Program Files\Common Files\Microsoft Shared\Windows Live
USERNAME=Christoffer
OS=Windows_NT
PROCESSOR_IDENTIFIER=Intel64 Family 6 Model 37 Stepping 5, GenuineIntel



---------------  S Y S T E M  ---------------

OS: Windows 7 , 64 bit Build 7601 Service Pack 1

CPU:total 4 (2 cores per cpu, 2 threads per core) family 6 model 37 stepping 5, cmov, cx8, fxsr, mmx, sse, sse2, sse3, ssse3, sse4.1, sse4.2, popcnt, aes, ht, tsc, tscinvbit

Memory: 4k page, physical 6151284k(3268572k free), swap 12300704k(8814680k free)

vm_info: Java HotSpot(TM) Client VM (24.65-b04) for windows-x86 JRE (1.7.0_67-b01), built on Jul 25 2014 10:20:53 by "java_re" with unknown MS VC++:1600

time: Mon Oct 06 18:46:23 2014
elapsed time: 837 seconds

