#
# A fatal error has been detected by the Java Runtime Environment:
#
#  EXCEPTION_ACCESS_VIOLATION (0xc0000005) at pc=0x5e46d35b, pid=2716, tid=1736
#
# JRE version: Java(TM) SE Runtime Environment (7.0_51-b13) (build 1.7.0_51-b13)
# Java VM: Java HotSpot(TM) Client VM (24.51-b03 mixed mode windows-x86 )
# Problematic frame:
# V  [jvm.dll+0xdd35b]
#
# Failed to write core dump. Minidumps are not enabled by default on client versions of Windows
#
# If you would like to submit a bug report, please visit:
#   http://bugreport.sun.com/bugreport/crash.jsp
#

---------------  T H R E A D  ---------------

Current thread (0x182e8800):  JavaThread "JDWP Transport Listener: dt_socket" daemon [_thread_in_vm, id=1736, stack(0x188f0000,0x18940000)]

siginfo: ExceptionCode=0xc0000005, reading address 0x656c6946

Registers:
EAX=0x656c6946, EBX=0x00000000, ECX=0x656c6946, EDX=0x00000000
ESP=0x1893f594, EBP=0x1893f598, ESI=0x02011d28, EDI=0x1893f678
EIP=0x5e46d35b, EFLAGS=0x00010202

Top of Stack: (sp=0x1893f594)
0x1893f594:   02011d28 1893f5c0 5e59e1da 656c6946
0x1893f5a4:   1893f5fb 182e8800 00000000 00000000
0x1893f5b4:   00000000 182e8800 182e8800 1893f5fc
0x1893f5c4:   6caf9d9d 02011d28 656c6946 1893f5fb
0x1893f5d4:   656c6946 6cae436d 656c6946 1893f5fb
0x1893f5e4:   0000001c 00000000 00000000 0000000a
0x1893f5f4:   00000000 002b00c0 1893f61c 6cae44e0
0x1893f604:   00000001 1893f638 1893f674 18497200 

Instructions: (pc=0x5e46d35b)
0x5e46d33b:   89 4f 04 8b 56 0c 89 57 08 8b 46 10 89 47 0c 5f
0x5e46d34b:   5e 5d c2 0c 00 55 8b ec 8b 45 08 56 85 c0 74 28
0x5e46d35b:   8b 30 85 f6 74 22 81 fe fe fe fe fe 74 1a 8b 4e
0x5e46d36b:   04 8b 41 08 8b 90 90 00 00 00 83 c1 08 ff d2 84 


Register to memory mapping:

EAX=0x656c6946 is an unknown value
EBX=0x00000000 is an unknown value
ECX=0x656c6946 is an unknown value
EDX=0x00000000 is an unknown value
ESP=0x1893f594 is pointing into the stack for thread: 0x182e8800
EBP=0x1893f598 is pointing into the stack for thread: 0x182e8800
ESI=0x02011d28 is an unknown value
EDI=0x1893f678 is pointing into the stack for thread: 0x182e8800


Stack: [0x188f0000,0x18940000],  sp=0x1893f594,  free space=317k
Native frames: (J=compiled Java code, j=interpreted, Vv=VM code, C=native code)
V  [jvm.dll+0xdd35b]
V  [jvm.dll+0x20e1da]
C  [jdwp.dll+0x19d9d]
C  [jdwp.dll+0x44e0]
C  [jdwp.dll+0x451e]


---------------  P R O C E S S  ---------------

Java Threads: ( => current thread )
  0x18300c00 JavaThread "Service Thread" daemon [_thread_blocked, id=2308, stack(0x189e0000,0x18a30000)]
  0x18304c00 JavaThread "C1 CompilerThread0" daemon [_thread_blocked, id=3028, stack(0x184a0000,0x184f0000)]
  0x182ed800 JavaThread "JDWP Command Reader" daemon [_thread_in_native, id=3232, stack(0x18680000,0x186d0000)]
  0x182ea400 JavaThread "JDWP Event Helper Thread" daemon [_thread_blocked, id=3020, stack(0x021f0000,0x02240000)]
=>0x182e8800 JavaThread "JDWP Transport Listener: dt_socket" daemon [_thread_in_vm, id=1736, stack(0x188f0000,0x18940000)]
  0x182dc000 JavaThread "Attach Listener" daemon [_thread_blocked, id=3084, stack(0x18850000,0x188a0000)]
  0x182d9000 JavaThread "Signal Dispatcher" daemon [_thread_blocked, id=3248, stack(0x18780000,0x187d0000)]
  0x182aac00 JavaThread "Finalizer" daemon [_thread_blocked, id=3772, stack(0x185a0000,0x185f0000)]
  0x182a4c00 JavaThread "Reference Handler" daemon [_thread_blocked, id=1008, stack(0x18600000,0x18650000)]
  0x021ed400 JavaThread "main" [_thread_blocked, id=2288, stack(0x02250000,0x022a0000)]

Other Threads:
  0x182a2c00 VMThread [stack: 0x18530000,0x18580000] [id=1052]
  0x182ff000 WatcherThread [stack: 0x18a80000,0x18ad0000] [id=1836]

VM state:not at safepoint (normal execution)

VM Mutex/Monitor currently owned by a thread: None

Heap
 def new generation   total 4928K, used 4319K [0x042a0000, 0x047f0000, 0x097f0000)
  eden space 4416K,  97% used [0x042a0000, 0x046d7f00, 0x046f0000)
  from space 512K,   0% used [0x046f0000, 0x046f0000, 0x04770000)
  to   space 512K,   0% used [0x04770000, 0x04770000, 0x047f0000)
 tenured generation   total 10944K, used 0K [0x097f0000, 0x0a2a0000, 0x142a0000)
   the space 10944K,   0% used [0x097f0000, 0x097f0000, 0x097f0200, 0x0a2a0000)
 compacting perm gen  total 12288K, used 2982K [0x142a0000, 0x14ea0000, 0x182a0000)
   the space 12288K,  24% used [0x142a0000, 0x14589b98, 0x14589c00, 0x14ea0000)
No shared spaces configured.

Card table byte_map: [0x02100000,0x021b0000] byte_map_base: 0x020deb00

Polling page: 0x001c0000

Code Cache  [0x022a0000, 0x02358000, 0x042a0000)
 total_blobs=186 nmethods=58 adapters=74 free_code_cache=32061Kb largest_free_block=32831296

Compilation events (10 events):
Event: 3.394 Thread 0x18304c00   54             java.util.regex.Pattern$All::isSatisfiedBy (2 bytes)
Event: 3.394 Thread 0x18304c00 nmethod 54 0x0234c448 code [0x0234c540, 0x0234c5c0]
Event: 3.394 Thread 0x18304c00   55             java.util.regex.Pattern$Node::match (27 bytes)
Event: 3.394 Thread 0x18304c00 nmethod 55 0x0234c608 code [0x0234c700, 0x0234c7e0]
Event: 3.396 Thread 0x18304c00   56 %           java.util.regex.Pattern$Curly::match0 @ 61 (174 bytes)
Event: 3.397 Thread 0x18304c00 nmethod 56% 0x0234c908 code [0x0234ca70, 0x0234ce48]
Event: 3.403 Thread 0x18304c00   57             java.lang.String::getChars (62 bytes)
Event: 3.403 Thread 0x18304c00 nmethod 57 0x0234d088 code [0x0234d1e0, 0x0234d4a0]
Event: 3.408 Thread 0x18304c00   58             sun.nio.cs.UTF_8$Encoder::encodeArrayLoop (489 bytes)
Event: 3.411 Thread 0x18304c00 nmethod 58 0x0234d708 code [0x0234db00, 0x0234e954]

GC Heap History (0 events):
No events

Deoptimization events (0 events):
No events

Internal exceptions (10 events):
Event: 0.561 Thread 0x021ed400 Threw 0x043bf4e8 at C:\re\jdk7u51\527\hotspot\src\share\vm\prims\jvm.cpp:1244
Event: 0.601 Thread 0x021ed400 Threw 0x043c1d60 at C:\re\jdk7u51\527\hotspot\src\share\vm\prims\jvm.cpp:1244
Event: 0.602 Thread 0x021ed400 Threw 0x043c4970 at C:\re\jdk7u51\527\hotspot\src\share\vm\prims\jvm.cpp:1244
Event: 0.606 Thread 0x021ed400 Threw 0x043dfa70 at C:\re\jdk7u51\527\hotspot\src\share\vm\prims\jvm.cpp:1244
Event: 0.607 Thread 0x021ed400 Threw 0x043e3f30 at C:\re\jdk7u51\527\hotspot\src\share\vm\prims\jvm.cpp:1244
Event: 1.296 Thread 0x021ed400 Threw 0x0444bee0 at C:\re\jdk7u51\527\hotspot\src\share\vm\prims\jvm.cpp:1244
Event: 1.296 Thread 0x021ed400 Threw 0x0444bff8 at C:\re\jdk7u51\527\hotspot\src\share\vm\prims\jvm.cpp:1244
Event: 1.297 Thread 0x021ed400 Threw 0x0444f8f8 at C:\re\jdk7u51\527\hotspot\src\share\vm\prims\jvm.cpp:1244
Event: 1.297 Thread 0x021ed400 Threw 0x0444fa10 at C:\re\jdk7u51\527\hotspot\src\share\vm\prims\jvm.cpp:1244
Event: 3.918 Thread 0x021ed400 Threw 0x046c64c0 at C:\re\jdk7u51\527\hotspot\src\share\vm\prims\jvm.cpp:1244

Events (10 events):
Event: 2724.264 Executing VM operation: ChangeBreakpoints
Event: 2724.264 Executing VM operation: ChangeBreakpoints done
Event: 2730.319 Executing VM operation: ChangeBreakpoints
Event: 2730.319 Executing VM operation: ChangeBreakpoints done
Event: 2995.772 Executing VM operation: ChangeBreakpoints
Event: 2995.773 Executing VM operation: ChangeBreakpoints done
Event: 2999.718 Executing VM operation: ChangeBreakpoints
Event: 2999.718 Executing VM operation: ChangeBreakpoints done
Event: 3604.214 Executing VM operation: RedefineClasses
Event: 3604.215 Executing VM operation: RedefineClasses done


Dynamic libraries:
0x001d0000 - 0x001ff000 	C:\Program Files\Java\jdk1.7.0_51\bin\java.exe
0x76fd0000 - 0x770f8000 	C:\Windows\system32\ntdll.dll
0x757d0000 - 0x758ad000 	C:\Windows\system32\kernel32.dll
0x75910000 - 0x759d6000 	C:\Windows\system32\ADVAPI32.dll
0x766a0000 - 0x76762000 	C:\Windows\system32\RPCRT4.dll
0x76890000 - 0x7692d000 	C:\Windows\system32\USER32.dll
0x76bc0000 - 0x76c0c000 	C:\Windows\system32\GDI32.dll
0x745c0000 - 0x7475e000 	C:\Windows\WinSxS\x86_microsoft.windows.common-controls_6595b64144ccf1df_6.0.6002.18305_none_5cb72f2a088b0ed3\COMCTL32.dll
0x77130000 - 0x771da000 	C:\Windows\system32\msvcrt.dll
0x758b0000 - 0x75909000 	C:\Windows\system32\SHLWAPI.dll
0x757b0000 - 0x757ce000 	C:\Windows\system32\IMM32.DLL
0x76f00000 - 0x76fc8000 	C:\Windows\system32\MSCTF.dll
0x75710000 - 0x75719000 	C:\Windows\system32\LPK.DLL
0x75690000 - 0x7570d000 	C:\Windows\system32\USP10.dll
0x6c760000 - 0x6c81f000 	C:\Program Files\Java\jdk1.7.0_51\jre\bin\msvcr100.dll
0x5e390000 - 0x5e710000 	C:\Program Files\Java\jdk1.7.0_51\jre\bin\client\jvm.dll
0x708c0000 - 0x708c7000 	C:\Windows\system32\WSOCK32.dll
0x77100000 - 0x7712d000 	C:\Windows\system32\WS2_32.dll
0x76500000 - 0x76506000 	C:\Windows\system32\NSI.dll
0x73980000 - 0x739b2000 	C:\Windows\system32\WINMM.dll
0x76d30000 - 0x76e75000 	C:\Windows\system32\ole32.dll
0x75720000 - 0x757ad000 	C:\Windows\system32\OLEAUT32.dll
0x73940000 - 0x7397e000 	C:\Windows\system32\OLEACC.dll
0x755f0000 - 0x755f7000 	C:\Windows\system32\PSAPI.DLL
0x73d20000 - 0x73d2c000 	C:\Program Files\Java\jdk1.7.0_51\jre\bin\verify.dll
0x73d00000 - 0x73d20000 	C:\Program Files\Java\jdk1.7.0_51\jre\bin\java.dll
0x6cae0000 - 0x6cb0a000 	C:\Program Files\Java\jdk1.7.0_51\jre\bin\jdwp.dll
0x73cf0000 - 0x73cf7000 	C:\Program Files\Java\jdk1.7.0_51\jre\bin\npt.dll
0x6cfd0000 - 0x6cfe3000 	C:\Program Files\Java\jdk1.7.0_51\jre\bin\zip.dll
0x73ce0000 - 0x73ce8000 	C:\Program Files\Java\jdk1.7.0_51\jre\bin\dt_socket.dll
0x74ef0000 - 0x74f2b000 	C:\Windows\system32\mswsock.dll
0x74960000 - 0x74965000 	C:\Windows\System32\wshtcpip.dll
0x73cc0000 - 0x73cd4000 	C:\Program Files\Java\jdk1.7.0_51\jre\bin\net.dll
0x74f50000 - 0x74f55000 	C:\Windows\System32\wship6.dll
0x74940000 - 0x7494f000 	C:\Windows\system32\NLAapi.dll
0x74db0000 - 0x74dc9000 	C:\Windows\system32\IPHLPAPI.DLL
0x74d70000 - 0x74da5000 	C:\Windows\system32\dhcpcsvc.DLL
0x75020000 - 0x7504c000 	C:\Windows\system32\DNSAPI.dll
0x75520000 - 0x75534000 	C:\Windows\system32\Secur32.dll
0x74d10000 - 0x74d17000 	C:\Windows\system32\WINNSI.DLL
0x74ce0000 - 0x74d02000 	C:\Windows\system32\dhcpcsvc6.DLL
0x6de60000 - 0x6de6f000 	C:\Windows\system32\napinsp.dll
0x6d630000 - 0x6d642000 	C:\Windows\system32\pnrpnsp.dll
0x6de10000 - 0x6de18000 	C:\Windows\System32\winrnr.dll
0x771e0000 - 0x77229000 	C:\Windows\system32\WLDAP32.dll
0x6d590000 - 0x6d5b1000 	C:\Program Files\Bonjour\mdnsNSP.dll
0x6de20000 - 0x6de26000 	C:\Windows\system32\rasadhlp.dll
0x74490000 - 0x7456c000 	C:\Windows\system32\dbghelp.dll

VM Arguments:
jvm_args: -agentlib:jdwp=transport=dt_socket,address=127.0.0.1:51438,suspend=y,server=n -Dfile.encoding=UTF-8 
java_command: IpodScrobbler
Launcher Type: SUN_STANDARD

Environment Variables:
PATH=C:\Program Files\Java\jdk1.7.0_51\bin;C:\Windows\system32;C:\Windows;C:\Windows\System32\Wbem;C:\Windows\System32\WindowsPowerShell\v1.0\;c:\Program Files\Microsoft SQL Server\100\Tools\Binn\;c:\Program Files\Microsoft SQL Server\100\DTS\Binn\;
USERNAME=user
OS=Windows_NT
PROCESSOR_IDENTIFIER=x86 Family 6 Model 15 Stepping 13, GenuineIntel



---------------  S Y S T E M  ---------------

OS: Windows Vista Build 6002 Service Pack 2

CPU:total 2 (2 cores per cpu, 1 threads per core) family 6 model 15 stepping 13, cmov, cx8, fxsr, mmx, sse, sse2, sse3, ssse3, tsc

Memory: 4k page, physical 3143376k(1085084k free), swap 6518460k(4298864k free)

vm_info: Java HotSpot(TM) Client VM (24.51-b03) for windows-x86 JRE (1.7.0_51-b13), built on Dec 18 2013 19:09:58 by "java_re" with unknown MS VC++:1600

time: Sun Jul 20 19:38:39 2014
elapsed time: 3604 seconds

